<?xml version="1.0" encoding="UTF-8"?>
<!-- Generated by org.testng.reporters.JUnitXMLReporter -->
<testsuite ignored="0" hostname="DESKTOP-L4853CI" failures="0" tests="2" name="Test Register and Login" time="28.212" errors="0" timestamp="2025-08-20T12:07:05 BDT">
  <testcase classname="testCases.testRegisterUser" name="testRegistration" time="4.956"/>
  <testcase classname="testCases.LoginWithCorrectEmailandPassword" name="testLoginWithCreatedUser" time="14.977"/>
</testsuite> <!-- Test Register and Login -->
