<?xml version="1.0" encoding="UTF-8"?>
<testng-results ignored="0" total="2" passed="2" failed="0" skipped="0">
  <reporter-output>
  </reporter-output>
  <suite started-at="2025-08-20T12:06:37 BDT" name="Suite" finished-at="2025-08-20T12:07:05 BDT" duration-ms="28212">
    <groups>
    </groups>
    <test started-at="2025-08-20T12:06:37 BDT" name="Test Register and Login" finished-at="2025-08-20T12:07:05 BDT" duration-ms="28212">
      <class name="testCases.testRegisterUser">
        <test-method is-config="true" signature="setup(java.lang.String,java.lang.String)[pri:0, instance:testCases.testRegisterUser@5f031ebd]" started-at="2025-08-20T12:06:37 BDT" name="setup" finished-at="2025-08-20T12:06:41 BDT" duration-ms="4129" status="PASS">
          <params>
            <param index="0">
              <value>
                <![CDATA[windows]]>
              </value>
            </param>
            <param index="1">
              <value>
                <![CDATA[chrome]]>
              </value>
            </param>
          </params>
          <reporter-output>
          </reporter-output>
        </test-method> <!-- setup -->
        <test-method signature="testRegistration()[pri:0, instance:testCases.testRegisterUser@5f031ebd]" started-at="2025-08-20T12:06:41 BDT" name="testRegistration" finished-at="2025-08-20T12:06:46 BDT" duration-ms="4956" status="PASS">
          <reporter-output>
          </reporter-output>
        </test-method> <!-- testRegistration -->
        <test-method is-config="true" signature="tearDown()[pri:0, instance:testCases.testRegisterUser@5f031ebd]" started-at="2025-08-20T12:06:46 BDT" name="tearDown" finished-at="2025-08-20T12:06:46 BDT" duration-ms="165" status="PASS">
          <reporter-output>
          </reporter-output>
        </test-method> <!-- tearDown -->
      </class> <!-- testCases.testRegisterUser -->
      <class name="testCases.LoginWithCorrectEmailandPassword">
        <test-method is-config="true" signature="setup(java.lang.String,java.lang.String)[pri:0, instance:testCases.LoginWithCorrectEmailandPassword@58ebfd03]" started-at="2025-08-20T12:06:46 BDT" name="setup" finished-at="2025-08-20T12:06:50 BDT" duration-ms="3797" status="PASS">
          <params>
            <param index="0">
              <value>
                <![CDATA[windows]]>
              </value>
            </param>
            <param index="1">
              <value>
                <![CDATA[chrome]]>
              </value>
            </param>
          </params>
          <reporter-output>
          </reporter-output>
        </test-method> <!-- setup -->
        <test-method signature="testLoginWithCreatedUser()[pri:0, instance:testCases.LoginWithCorrectEmailandPassword@58ebfd03]" started-at="2025-08-20T12:06:50 BDT" name="testLoginWithCreatedUser" finished-at="2025-08-20T12:07:05 BDT" duration-ms="14977" status="PASS">
          <reporter-output>
          </reporter-output>
        </test-method> <!-- testLoginWithCreatedUser -->
        <test-method is-config="true" signature="tearDown()[pri:0, instance:testCases.LoginWithCorrectEmailandPassword@58ebfd03]" started-at="2025-08-20T12:07:05 BDT" name="tearDown" finished-at="2025-08-20T12:07:05 BDT" duration-ms="166" status="PASS">
          <reporter-output>
          </reporter-output>
        </test-method> <!-- tearDown -->
      </class> <!-- testCases.LoginWithCorrectEmailandPassword -->
    </test> <!-- Test Register and Login -->
  </suite> <!-- Suite -->
</testng-results>
