<?xml version="1.0" encoding="UTF-8"?>
<testng-results ignored="0" total="1" passed="1" failed="0" skipped="0">
  <reporter-output>
  </reporter-output>
  <suite started-at="2025-08-18T10:04:29 BDT" name="Default suite" finished-at="2025-08-18T10:04:44 BDT" duration-ms="15149">
    <groups>
    </groups>
    <test started-at="2025-08-18T10:04:29 BDT" name="Default test" finished-at="2025-08-18T10:04:44 BDT" duration-ms="15149">
      <class name="testCases.testRegisterUser">
        <test-method is-config="true" signature="setup()[pri:0, instance:testCases.testRegisterUser@22c01ab0]" started-at="2025-08-18T10:04:29 BDT" name="setup" finished-at="2025-08-18T10:04:35 BDT" duration-ms="5472" status="PASS">
          <reporter-output>
          </reporter-output>
        </test-method> <!-- setup -->
        <test-method signature="testRegistration()[pri:0, instance:testCases.testRegisterUser@22c01ab0]" started-at="2025-08-18T10:04:35 BDT" name="testRegistration" finished-at="2025-08-18T10:04:44 BDT" duration-ms="9462" status="PASS">
          <reporter-output>
          </reporter-output>
        </test-method> <!-- testRegistration -->
        <test-method is-config="true" signature="tearDown()[pri:0, instance:testCases.testRegisterUser@22c01ab0]" started-at="2025-08-18T10:04:44 BDT" name="tearDown" finished-at="2025-08-18T10:04:44 BDT" duration-ms="184" status="PASS">
          <reporter-output>
          </reporter-output>
        </test-method> <!-- tearDown -->
      </class> <!-- testCases.testRegisterUser -->
    </test> <!-- Default test -->
  </suite> <!-- Default suite -->
</testng-results>
